# JRE version: OpenJDK Runtime Environment Temurin-17.0.7+7 (17.0.7+7) (build 17.0.7+7)
# Java VM: OpenJDK 64-Bit Server VM Temurin-17.0.7+7 (17.0.7+7, mixed mode, tiered, compressed oops, compressed class ptrs, parallel gc, windows-amd64)
GC Precious Log:
 CPUs: 4 total, 4 available
 Memory: 16269M
 Large Page Support: Disabled
 NUMA Support: Disabled
 Compressed Oops: Enabled (32-bit)
 Alignments: Space 512K, Generation 512K, Heap 2M
 Heap Min Capacity: 100M
 Heap Initial Capacity: 100M
 Heap Max Capacity: 1G
 Pre-touch: Disabled
 Parallel Workers: 4
Heap:
 PSYoungGen      total 5120K, used 1022K [0x00000000eab00000, 0x00000000eb800000, 0x0000000100000000)
  eden space 4096K, 0% used [0x00000000eab00000,0x00000000eab00000,0x00000000eaf00000)
  from space 1024K, 99% used [0x00000000eaf00000,0x00000000eafff860,0x00000000eb000000)
  to   space 4608K, 0% used [0x00000000eb380000,0x00000000eb380000,0x00000000eb800000)
 ParOldGen       total 145920K, used 143190K [0x00000000c0000000, 0x00000000c8e80000, 0x00000000eab00000)
  object space 145920K, 98% used [0x00000000c0000000,0x00000000c8bd5988,0x00000000c8e80000)
 Metaspace       used 92635K, committed 94016K, reserved 1179648K
  class space    used 9398K, committed 9984K, reserved 1048576K
GC Heap History (20 events):
Event: 1341.651 GC heap after
{Heap after GC invocations=2335 (full 66):
 PSYoungGen      total 6656K, used 730K [0x00000000eab00000, 0x00000000eb400000, 0x0000000100000000)
  eden space 5632K, 0% used [0x00000000eab00000,0x00000000eab00000,0x00000000eb080000)
  from space 1024K, 71% used [0x00000000eb300000,0x00000000eb3b6900,0x00000000eb400000)
  to   space 1024K, 0% used [0x00000000eb200000,0x00000000eb200000,0x00000000eb300000)
 ParOldGen       total 145920K, used 132333K [0x00000000c0000000, 0x00000000c8e80000, 0x00000000eab00000)
  object space 145920K, 90% used [0x00000000c0000000,0x00000000c813b4c8,0x00000000c8e80000)
 Metaspace       used 92634K, committed 94016K, reserved 1179648K
  class space    used 9398K, committed 9984K, reserved 1048576K
}
Event: 1342.053 GC heap before
{Heap before GC invocations=2336 (full 66):
 PSYoungGen      total 6656K, used 6362K [0x00000000eab00000, 0x00000000eb400000, 0x0000000100000000)
  eden space 5632K, 100% used [0x00000000eab00000,0x00000000eb080000,0x00000000eb080000)
  from space 1024K, 71% used [0x00000000eb300000,0x00000000eb3b6900,0x00000000eb400000)
  to   space 1024K, 0% used [0x00000000eb200000,0x00000000eb200000,0x00000000eb300000)
 ParOldGen       total 145920K, used 132333K [0x00000000c0000000, 0x00000000c8e80000, 0x00000000eab00000)
  object space 145920K, 90% used [0x00000000c0000000,0x00000000c813b4c8,0x00000000c8e80000)
 Metaspace       used 92635K, committed 94016K, reserved 1179648K
  class space    used 9398K, committed 9984K, reserved 1048576K
}
Event: 1342.058 GC heap after
{Heap after GC invocations=2336 (full 66):
 PSYoungGen      total 6656K, used 810K [0x00000000eab00000, 0x00000000eb380000, 0x0000000100000000)
  eden space 5632K, 0% used [0x00000000eab00000,0x00000000eab00000,0x00000000eb080000)
  from space 1024K, 79% used [0x00000000eb200000,0x00000000eb2ca910,0x00000000eb300000)
  to   space 512K, 0% used [0x00000000eb300000,0x00000000eb300000,0x00000000eb380000)
 ParOldGen       total 145920K, used 132993K [0x00000000c0000000, 0x00000000c8e80000, 0x00000000eab00000)
  object space 145920K, 91% used [0x00000000c0000000,0x00000000c81e0708,0x00000000c8e80000)
 Metaspace       used 92635K, committed 94016K, reserved 1179648K
  class space    used 9398K, committed 9984K, reserved 1048576K
}
Event: 1342.078 GC heap before
{Heap before GC invocations=2337 (full 66):
 PSYoungGen      total 6656K, used 6442K [0x00000000eab00000, 0x00000000eb380000, 0x0000000100000000)
  eden space 5632K, 100% used [0x00000000eab00000,0x00000000eb080000,0x00000000eb080000)
  from space 1024K, 79% used [0x00000000eb200000,0x00000000eb2ca910,0x00000000eb300000)
  to   space 512K, 0% used [0x00000000eb300000,0x00000000eb300000,0x00000000eb380000)
 ParOldGen       total 145920K, used 132993K [0x00000000c0000000, 0x00000000c8e80000, 0x00000000eab00000)
  object space 145920K, 91% used [0x00000000c0000000,0x00000000c81e0708,0x00000000c8e80000)
 Metaspace       used 92635K, committed 94016K, reserved 1179648K
  class space    used 9398K, committed 9984K, reserved 1048576K
}
Event: 1342.080 GC heap after
{Heap after GC invocations=2337 (full 66):
 PSYoungGen      total 6144K, used 512K [0x00000000eab00000, 0x00000000eb380000, 0x0000000100000000)
  eden space 5632K, 0% used [0x00000000eab00000,0x00000000eab00000,0x00000000eb080000)
  from space 512K, 100% used [0x00000000eb300000,0x00000000eb380000,0x00000000eb380000)
  to   space 1024K, 0% used [0x00000000eb180000,0x00000000eb180000,0x00000000eb280000)
 ParOldGen       total 145920K, used 133774K [0x00000000c0000000, 0x00000000c8e80000, 0x00000000eab00000)
  object space 145920K, 91% used [0x00000000c0000000,0x00000000c82a3958,0x00000000c8e80000)
 Metaspace       used 92635K, committed 94016K, reserved 1179648K
  class space    used 9398K, committed 9984K, reserved 1048576K
}
Event: 1342.091 GC heap before
{Heap before GC invocations=2338 (full 66):
 PSYoungGen      total 6144K, used 6144K [0x00000000eab00000, 0x00000000eb380000, 0x0000000100000000)
  eden space 5632K, 100% used [0x00000000eab00000,0x00000000eb080000,0x00000000eb080000)
  from space 512K, 100% used [0x00000000eb300000,0x00000000eb380000,0x00000000eb380000)
  to   space 1024K, 0% used [0x00000000eb180000,0x00000000eb180000,0x00000000eb280000)
 ParOldGen       total 145920K, used 133774K [0x00000000c0000000, 0x00000000c8e80000, 0x00000000eab00000)
  object space 145920K, 91% used [0x00000000c0000000,0x00000000c82a3958,0x00000000c8e80000)
 Metaspace       used 92635K, committed 94016K, reserved 1179648K
  class space    used 9398K, committed 9984K, reserved 1048576K
}
Event: 1342.092 GC heap after
{Heap after GC invocations=2338 (full 66):
 PSYoungGen      total 6656K, used 890K [0x00000000eab00000, 0x00000000eb380000, 0x0000000100000000)
  eden space 5632K, 0% used [0x00000000eab00000,0x00000000eab00000,0x00000000eb080000)
  from space 1024K, 86% used [0x00000000eb180000,0x00000000eb25e900,0x00000000eb280000)
  to   space 1024K, 0% used [0x00000000eb280000,0x00000000eb280000,0x00000000eb380000)
 ParOldGen       total 145920K, used 134238K [0x00000000c0000000, 0x00000000c8e80000, 0x00000000eab00000)
  object space 145920K, 91% used [0x00000000c0000000,0x00000000c8317988,0x00000000c8e80000)
 Metaspace       used 92635K, committed 94016K, reserved 1179648K
  class space    used 9398K, committed 9984K, reserved 1048576K
}
Event: 1342.369 GC heap before
{Heap before GC invocations=2339 (full 66):
 PSYoungGen      total 6656K, used 6522K [0x00000000eab00000, 0x00000000eb380000, 0x0000000100000000)
  eden space 5632K, 100% used [0x00000000eab00000,0x00000000eb080000,0x00000000eb080000)
  from space 1024K, 86% used [0x00000000eb180000,0x00000000eb25e900,0x00000000eb280000)
  to   space 1024K, 0% used [0x00000000eb280000,0x00000000eb280000,0x00000000eb380000)
 ParOldGen       total 145920K, used 134238K [0x00000000c0000000, 0x00000000c8e80000, 0x00000000eab00000)
  object space 145920K, 91% used [0x00000000c0000000,0x00000000c8317988,0x00000000c8e80000)
 Metaspace       used 92635K, committed 94016K, reserved 1179648K
  class space    used 9398K, committed 9984K, reserved 1048576K
}
Event: 1342.371 GC heap after
{Heap after GC invocations=2339 (full 66):
 PSYoungGen      total 6656K, used 842K [0x00000000eab00000, 0x00000000eb380000, 0x0000000100000000)
  eden space 5632K, 0% used [0x00000000eab00000,0x00000000eab00000,0x00000000eb080000)
  from space 1024K, 82% used [0x00000000eb280000,0x00000000eb352910,0x00000000eb380000)
  to   space 1024K, 0% used [0x00000000eb180000,0x00000000eb180000,0x00000000eb280000)
 ParOldGen       total 145920K, used 135010K [0x00000000c0000000, 0x00000000c8e80000, 0x00000000eab00000)
  object space 145920K, 92% used [0x00000000c0000000,0x00000000c83d8bc8,0x00000000c8e80000)
 Metaspace       used 92635K, committed 94016K, reserved 1179648K
  class space    used 9398K, committed 9984K, reserved 1048576K
}
Event: 1342.382 GC heap before
{Heap before GC invocations=2340 (full 66):
 PSYoungGen      total 6656K, used 6474K [0x00000000eab00000, 0x00000000eb380000, 0x0000000100000000)
  eden space 5632K, 100% used [0x00000000eab00000,0x00000000eb080000,0x00000000eb080000)
  from space 1024K, 82% used [0x00000000eb280000,0x00000000eb352910,0x00000000eb380000)
  to   space 1024K, 0% used [0x00000000eb180000,0x00000000eb180000,0x00000000eb280000)
 ParOldGen       total 145920K, used 135010K [0x00000000c0000000, 0x00000000c8e80000, 0x00000000eab00000)
  object space 145920K, 92% used [0x00000000c0000000,0x00000000c83d8bc8,0x00000000c8e80000)
 Metaspace       used 92635K, committed 94016K, reserved 1179648K
  class space    used 9398K, committed 9984K, reserved 1048576K
}
Event: 1342.383 GC heap after
{Heap after GC invocations=2340 (full 66):
 PSYoungGen      total 6656K, used 1022K [0x00000000eab00000, 0x00000000eb580000, 0x0000000100000000)
  eden space 5632K, 0% used [0x00000000eab00000,0x00000000eab00000,0x00000000eb080000)
  from space 1024K, 99% used [0x00000000eb180000,0x00000000eb27f880,0x00000000eb280000)
  to   space 2560K, 0% used [0x00000000eb300000,0x00000000eb300000,0x00000000eb580000)
 ParOldGen       total 145920K, used 136125K [0x00000000c0000000, 0x00000000c8e80000, 0x00000000eab00000)
  object space 145920K, 93% used [0x00000000c0000000,0x00000000c84ef648,0x00000000c8e80000)
 Metaspace       used 92635K, committed 94016K, reserved 1179648K
  class space    used 9398K, committed 9984K, reserved 1048576K
}
Event: 1342.397 GC heap before
{Heap before GC invocations=2341 (full 66):
 PSYoungGen      total 6656K, used 6654K [0x00000000eab00000, 0x00000000eb580000, 0x0000000100000000)
  eden space 5632K, 100% used [0x00000000eab00000,0x00000000eb080000,0x00000000eb080000)
  from space 1024K, 99% used [0x00000000eb180000,0x00000000eb27f880,0x00000000eb280000)
  to   space 2560K, 0% used [0x00000000eb300000,0x00000000eb300000,0x00000000eb580000)
 ParOldGen       total 145920K, used 136125K [0x00000000c0000000, 0x00000000c8e80000, 0x00000000eab00000)
  object space 145920K, 93% used [0x00000000c0000000,0x00000000c84ef648,0x00000000c8e80000)
 Metaspace       used 92635K, committed 94016K, reserved 1179648K
  class space    used 9398K, committed 9984K, reserved 1048576K
}
Event: 1342.401 GC heap after
{Heap after GC invocations=2341 (full 66):
 PSYoungGen      total 6656K, used 2560K [0x00000000eab00000, 0x00000000eb880000, 0x0000000100000000)
  eden space 4096K, 0% used [0x00000000eab00000,0x00000000eab00000,0x00000000eaf00000)
  from space 2560K, 100% used [0x00000000eb300000,0x00000000eb580000,0x00000000eb580000)
  to   space 4096K, 0% used [0x00000000eaf00000,0x00000000eaf00000,0x00000000eb300000)
 ParOldGen       total 145920K, used 137307K [0x00000000c0000000, 0x00000000c8e80000, 0x00000000eab00000)
  object space 145920K, 94% used [0x00000000c0000000,0x00000000c8616ee8,0x00000000c8e80000)
 Metaspace       used 92635K, committed 94016K, reserved 1179648K
  class space    used 9398K, committed 9984K, reserved 1048576K
}
Event: 1343.277 GC heap before
{Heap before GC invocations=2342 (full 66):
 PSYoungGen      total 6656K, used 6656K [0x00000000eab00000, 0x00000000eb880000, 0x0000000100000000)
  eden space 4096K, 100% used [0x00000000eab00000,0x00000000eaf00000,0x00000000eaf00000)
  from space 2560K, 100% used [0x00000000eb300000,0x00000000eb580000,0x00000000eb580000)
  to   space 4096K, 0% used [0x00000000eaf00000,0x00000000eaf00000,0x00000000eb300000)
 ParOldGen       total 145920K, used 137307K [0x00000000c0000000, 0x00000000c8e80000, 0x00000000eab00000)
  object space 145920K, 94% used [0x00000000c0000000,0x00000000c8616ee8,0x00000000c8e80000)
 Metaspace       used 92635K, committed 94016K, reserved 1179648K
  class space    used 9398K, committed 9984K, reserved 1048576K
}
Event: 1343.280 GC heap after
{Heap after GC invocations=2342 (full 66):
 PSYoungGen      total 5120K, used 596K [0x00000000eab00000, 0x00000000eb380000, 0x0000000100000000)
  eden space 4096K, 0% used [0x00000000eab00000,0x00000000eab00000,0x00000000eaf00000)
  from space 1024K, 58% used [0x00000000eaf00000,0x00000000eaf95200,0x00000000eb000000)
  to   space 2048K, 0% used [0x00000000eb180000,0x00000000eb180000,0x00000000eb380000)
 ParOldGen       total 145920K, used 139891K [0x00000000c0000000, 0x00000000c8e80000, 0x00000000eab00000)
  object space 145920K, 95% used [0x00000000c0000000,0x00000000c889cee8,0x00000000c8e80000)
 Metaspace       used 92635K, committed 94016K, reserved 1179648K
  class space    used 9398K, committed 9984K, reserved 1048576K
}
Event: 1343.287 GC heap before
{Heap before GC invocations=2343 (full 66):
 PSYoungGen      total 5120K, used 4684K [0x00000000eab00000, 0x00000000eb380000, 0x0000000100000000)
  eden space 4096K, 99% used [0x00000000eab00000,0x00000000eaefde70,0x00000000eaf00000)
  from space 1024K, 58% used [0x00000000eaf00000,0x00000000eaf95200,0x00000000eb000000)
  to   space 2048K, 0% used [0x00000000eb180000,0x00000000eb180000,0x00000000eb380000)
 ParOldGen       total 145920K, used 139891K [0x00000000c0000000, 0x00000000c8e80000, 0x00000000eab00000)
  object space 145920K, 95% used [0x00000000c0000000,0x00000000c889cee8,0x00000000c8e80000)
 Metaspace       used 92635K, committed 94016K, reserved 1179648K
  class space    used 9398K, committed 9984K, reserved 1048576K
}
Event: 1343.289 GC heap after
{Heap after GC invocations=2343 (full 66):
 PSYoungGen      total 5120K, used 574K [0x00000000eab00000, 0x00000000eb280000, 0x0000000100000000)
  eden space 4096K, 0% used [0x00000000eab00000,0x00000000eab00000,0x00000000eaf00000)
  from space 1024K, 56% used [0x00000000eb180000,0x00000000eb20f880,0x00000000eb280000)
  to   space 1024K, 0% used [0x00000000eaf00000,0x00000000eaf00000,0x00000000eb000000)
 ParOldGen       total 145920K, used 140416K [0x00000000c0000000, 0x00000000c8e80000, 0x00000000eab00000)
  object space 145920K, 96% used [0x00000000c0000000,0x00000000c89200e8,0x00000000c8e80000)
 Metaspace       used 92635K, committed 94016K, reserved 1179648K
  class space    used 9398K, committed 9984K, reserved 1048576K
}
Event: 1343.298 GC heap before
{Heap before GC invocations=2344 (full 66):
 PSYoungGen      total 5120K, used 4670K [0x00000000eab00000, 0x00000000eb280000, 0x0000000100000000)
  eden space 4096K, 100% used [0x00000000eab00000,0x00000000eaf00000,0x00000000eaf00000)
  from space 1024K, 56% used [0x00000000eb180000,0x00000000eb20f880,0x00000000eb280000)
  to   space 1024K, 0% used [0x00000000eaf00000,0x00000000eaf00000,0x00000000eb000000)
 ParOldGen       total 145920K, used 140416K [0x00000000c0000000, 0x00000000c8e80000, 0x00000000eab00000)
  object space 145920K, 96% used [0x00000000c0000000,0x00000000c89200e8,0x00000000c8e80000)
 Metaspace       used 92635K, committed 94016K, reserved 1179648K
  class space    used 9398K, committed 9984K, reserved 1048576K
}
Event: 1343.301 GC heap after
{Heap after GC invocations=2344 (full 66):
 PSYoungGen      total 5120K, used 1022K [0x00000000eab00000, 0x00000000eb800000, 0x0000000100000000)
  eden space 4096K, 0% used [0x00000000eab00000,0x00000000eab00000,0x00000000eaf00000)
  from space 1024K, 99% used [0x00000000eaf00000,0x00000000eafff860,0x00000000eb000000)
  to   space 4608K, 0% used [0x00000000eb380000,0x00000000eb380000,0x00000000eb800000)
 ParOldGen       total 145920K, used 143190K [0x00000000c0000000, 0x00000000c8e80000, 0x00000000eab00000)
  object space 145920K, 98% used [0x00000000c0000000,0x00000000c8bd5988,0x00000000c8e80000)
 Metaspace       used 92635K, committed 94016K, reserved 1179648K
  class space    used 9398K, committed 9984K, reserved 1048576K
}
Event: 1343.301 GC heap before
{Heap before GC invocations=2345 (full 67):
 PSYoungGen      total 5120K, used 1022K [0x00000000eab00000, 0x00000000eb800000, 0x0000000100000000)
  eden space 4096K, 0% used [0x00000000eab00000,0x00000000eab00000,0x00000000eaf00000)
  from space 1024K, 99% used [0x00000000eaf00000,0x00000000eafff860,0x00000000eb000000)
  to   space 4608K, 0% used [0x00000000eb380000,0x00000000eb380000,0x00000000eb800000)
 ParOldGen       total 145920K, used 143190K [0x00000000c0000000, 0x00000000c8e80000, 0x00000000eab00000)
  object space 145920K, 98% used [0x00000000c0000000,0x00000000c8bd5988,0x00000000c8e80000)
 Metaspace       used 92635K, committed 94016K, reserved 1179648K
  class space    used 9398K, committed 9984K, reserved 1048576K
}

